d:\mpc-mok\project\mpa_mok_project_git\pyrbinlwe\vs_studio_project\mpamok.dir\debug\vc143.pdb
d:\mpc-mok\project\mpa_mok_project_git\pyrbinlwe\vs_studio_project\mpamok.dir\debug\module.obj
d:\mpc-mok\project\mpa_mok_project_git\pyrbinlwe\vs_studio_project\mpamok.dir\debug\polynomial.obj
d:\mpc-mok\project\mpa_mok_project_git\pyrbinlwe\vs_studio_project\mpamok.dir\debug\encryptor.obj
d:\mpc-mok\project\mpa_mok_project_git\pyrbinlwe\vs_studio_project\cmakefiles\generate.stamp
d:\mpc-mok\project\mpa_mok_project_git\pyrbinlwe\vs_studio_project\mpamok.dir\debug\mpamok.cp310-win_amd64.ilk
d:\mpc-mok\project\mpa_mok_project_git\pyrbinlwe\vs_studio_project\debug\mpamok.cp310-win_amd64.pyd
d:\mpc-mok\project\mpa_mok_project_git\pyrbinlwe\vs_studio_project\debug\mpamok.pdb
d:\mpc-mok\project\mpa_mok_project_git\pyrbinlwe\vs_studio_project\debug\mpamok.lib
d:\mpc-mok\project\mpa_mok_project_git\pyrbinlwe\vs_studio_project\debug\mpamok.exp
d:\mpc-mok\project\mpa_mok_project_git\pyrbinlwe\vs_studio_project\mpamok.dir\debug\mpamok.tlog\cl.command.1.tlog
d:\mpc-mok\project\mpa_mok_project_git\pyrbinlwe\vs_studio_project\mpamok.dir\debug\mpamok.tlog\cl.read.1.tlog
d:\mpc-mok\project\mpa_mok_project_git\pyrbinlwe\vs_studio_project\mpamok.dir\debug\mpamok.tlog\cl.write.1.tlog
d:\mpc-mok\project\mpa_mok_project_git\pyrbinlwe\vs_studio_project\mpamok.dir\debug\mpamok.tlog\custombuild.command.1.tlog
d:\mpc-mok\project\mpa_mok_project_git\pyrbinlwe\vs_studio_project\mpamok.dir\debug\mpamok.tlog\custombuild.read.1.tlog
d:\mpc-mok\project\mpa_mok_project_git\pyrbinlwe\vs_studio_project\mpamok.dir\debug\mpamok.tlog\custombuild.write.1.tlog
d:\mpc-mok\project\mpa_mok_project_git\pyrbinlwe\vs_studio_project\mpamok.dir\debug\mpamok.tlog\link.command.1.tlog
d:\mpc-mok\project\mpa_mok_project_git\pyrbinlwe\vs_studio_project\mpamok.dir\debug\mpamok.tlog\link.read.1.tlog
d:\mpc-mok\project\mpa_mok_project_git\pyrbinlwe\vs_studio_project\mpamok.dir\debug\mpamok.tlog\link.write.1.tlog
d:\mpc-mok\project\mpa_mok_project_git\pyrbinlwe\vs_studio_project\mpamok.dir\debug\mpamok.tlog\mpamok.write.1u.tlog
